<?xml version="1.0" encoding="UTF-8"?>
<!-- Generated by org.testng.reporters.JUnitXMLReporter -->
<testsuite hostname="dhirendra349101" ignored="2" name="Test" tests="1" failures="0" timestamp="16 Nov 2018 09:27:34 GMT" time="0.067" errors="0">
  <testcase name="Test1" time="0.009" classname="Tests.testclass"/>
  <testcase name="test3" time="0.0" classname="Tests.test2">
    <ignored/>
  </testcase> <!-- test3 -->
  <testcase name="test2" time="0.0" classname="Tests.testclass">
    <ignored/>
  </testcase> <!-- test2 -->
</testsuite> <!-- Test -->
